
/home/runner/work/exp-layout-design-iiith/exp-layout-design-iiith/experiment/simulation/js/main.js
  41:5  error  Parsing error: Assigning to rvalue

/home/runner/work/exp-layout-design-iiith/exp-layout-design-iiith/experiment/simulation/layout/quizval.js
  12:9   warning  'i' is not defined                     no-undef
  12:14  warning  'i' is not defined                     no-undef
  12:35  warning  'i' is not defined                     no-undef
  13:21  warning  'i' is not defined                     no-undef
  14:23  warning  'i' is not defined                     no-undef
  31:10  warning  'checkQuiz' is defined but never used  no-unused-vars
  32:4   warning  'numCorrect' is not defined            no-undef
  33:4   warning  'numCorrect' is not defined            no-undef
  34:4   warning  'numCorrect' is not defined            no-undef
  35:4   warning  'numCorrect' is not defined            no-undef
  36:4   warning  'numCorrect' is not defined            no-undef
  37:4   warning  'numCorrect' is not defined            no-undef
  38:4   warning  'numCorrect' is not defined            no-undef
  39:4   warning  'numCorrect' is not defined            no-undef
  40:4   warning  'numCorrect' is not defined            no-undef
  41:4   warning  'numCorrect' is not defined            no-undef
  42:4   warning  'numCorrect' is not defined            no-undef
  62:19  warning  'numCorrect' is not defined            no-undef

✖ 19 problems (1 error, 18 warnings)

