assignment.html     http://outreach.vlabs.ac.in/
contributors.html     http://outreach.vlabs.ac.in/
feedback.html     http://outreach.vlabs.ac.in/
index.html     http://outreach.vlabs.ac.in/
objective.html     http://outreach.vlabs.ac.in/
performance-report.html     http://vlab.co.in
posttest.html     http://outreach.vlabs.ac.in/
pretest.html     http://outreach.vlabs.ac.in/
procedure.html     http://outreach.vlabs.ac.in/
references.html     http://outreach.vlabs.ac.in/
theory.html     http://outreach.vlabs.ac.in/
validator-report.html     http://vlab.co.in
simulation/layout/Feedback.html     http://vlab.co.in/
simulation/layout/Feedback.html     http://vlab.co.in/participating-institutes
simulation/layout/Feedback.html     http://vlab.co.in/
simulation/layout/Feedback.html     http://vlab.co.in/contact-us
simulation/layout/Feedback.html     http://vlab.co.in/broad-area-computer-science-and-engineering
simulation/layout/Feedback.html     http://209.211.220.205/feedback/feedback.html
simulation/layout/Feedback.html     http://www.sakshat.ac.in/
simulation/layout/Feedback.html     http://outreach.vlabs.ac.in/
simulation/layout/Feedback.html     http://vlab.co.in/faq
simulation/layout/Introduction.html     http://vlab.co.in/
simulation/layout/Introduction.html     http://vlab.co.in/
simulation/layout/Introduction.html     http://vlab.co.in/participating-institutes
simulation/layout/Introduction.html     http://vlab.co.in/contact-us
simulation/layout/Introduction.html     http://vlab.co.in/broad-area-computer-science-and-engineering
simulation/layout/Introduction.html     http://www.sakshat.ac.in/
simulation/layout/Introduction.html     http://outreach.vlabs.ac.in/
simulation/layout/Introduction.html     http://vlab.co.in/faq
simulation/layout/Manual.html     http://vlab.co.in/
simulation/layout/Manual.html     http://vlab.co.in/
simulation/layout/Manual.html     http://vlab.co.in/participating-institutes
simulation/layout/Manual.html     http://vlab.co.in/contact-us
simulation/layout/Manual.html     http://vlab.co.in/broad-area-computer-science-and-engineering
simulation/layout/Manual.html     http://www.sakshat.ac.in/
simulation/layout/Manual.html     http://outreach.vlabs.ac.in/
simulation/layout/Manual.html     http://vlab.co.in/faq
simulation/layout/Objective.html     http://vlab.co.in/
simulation/layout/Objective.html     http://vlab.co.in/
simulation/layout/Objective.html     http://vlab.co.in/participating-institutes
simulation/layout/Objective.html     http://vlab.co.in/contact-us
simulation/layout/Objective.html     http://vlab.co.in/broad-area-computer-science-and-engineering
simulation/layout/Objective.html     http://www.sakshat.ac.in/
simulation/layout/Objective.html     http://outreach.vlabs.ac.in/
simulation/layout/Objective.html     http://vlab.co.in/faq
simulation/layout/Procedure.html     http://vlab.co.in/
simulation/layout/Procedure.html     http://vlab.co.in/
simulation/layout/Procedure.html     http://vlab.co.in/participating-institutes
simulation/layout/Procedure.html     http://vlab.co.in/contact-us
simulation/layout/Procedure.html     http://vlab.co.in/broad-area-computer-science-and-engineering
simulation/layout/Procedure.html     http://www.sakshat.ac.in/
simulation/layout/Procedure.html     http://outreach.vlabs.ac.in/
simulation/layout/Procedure.html     http://vlab.co.in/faq
simulation/layout/Quiz.html     http://vlab.co.in/
simulation/layout/Quiz.html     http://vlab.co.in/
simulation/layout/Quiz.html     http://vlab.co.in/participating-institutes
simulation/layout/Quiz.html     http://vlab.co.in/contact-us
simulation/layout/Quiz.html     http://vlab.co.in/broad-area-computer-science-and-engineering
simulation/layout/Quiz.html     http://www.sakshat.ac.in/
simulation/layout/Quiz.html     http://outreach.vlabs.ac.in/
simulation/layout/Quiz.html     http://vlab.co.in/faq
simulation/layout/References.html     http://vlab.co.in/
simulation/layout/References.html     http://vlab.co.in/
simulation/layout/References.html     http://vlab.co.in/participating-institutes
simulation/layout/References.html     http://vlab.co.in/contact-us
simulation/layout/References.html     http://vlab.co.in/broad-area-computer-science-and-engineering
simulation/layout/References.html     http://www.sakshat.ac.in/
simulation/layout/References.html     http://outreach.vlabs.ac.in/
simulation/layout/References.html     http://vlab.co.in/faq
simulation/layout/Simulator.html     http://vlab.co.in/
simulation/layout/Simulator.html     http://vlab.co.in/
simulation/layout/Simulator.html     http://vlab.co.in/participating-institutes
simulation/layout/Simulator.html     http://vlab.co.in/contact-us
simulation/layout/Simulator.html     http://vlabs.ac.in/computer-science-and-engineering-labs.html
simulation/layout/Simulator.html     http://www.sakshat.ac.in/
simulation/layout/Simulator.html     http://outreach.vlabs.ac.in/
simulation/layout/Simulator.html     http://vlab.co.in/faq
simulation/layout/Theory.html     http://vlab.co.in/
simulation/layout/Theory.html     http://vlab.co.in/
simulation/layout/Theory.html     http://vlab.co.in/participating-institutes
simulation/layout/Theory.html     http://vlab.co.in/contact-us
simulation/layout/Theory.html     http://vlab.co.in/broad-area-computer-science-and-engineering
simulation/layout/Theory.html     http://www.sakshat.ac.in/
simulation/layout/Theory.html     http://outreach.vlabs.ac.in/
simulation/layout/Theory.html     http://vlab.co.in/faq
